

================================================================
== Vitis HLS Report for 'infer_Pipeline_VITIS_LOOP_22_11'
================================================================
* Date:           Wed May 15 15:49:30 2024

* Version:        2023.1 (Build 3854077 on May  4 2023)
* Project:        lstm_hls
* Solution:       solution1 (Vivado IP Flow Target)
* Product family: zynquplus
* Target device:  xczu5eg-sfvc784-1-e


================================================================
== Performance Estimates
================================================================
+ Timing: 
    * Summary: 
    +--------+----------+----------+------------+
    |  Clock |  Target  | Estimated| Uncertainty|
    +--------+----------+----------+------------+
    |ap_clk  |  10.00 ns|  6.708 ns|     2.70 ns|
    +--------+----------+----------+------------+

+ Latency: 
    * Summary: 
    +---------+---------+----------+----------+-----+-----+---------+
    |  Latency (cycles) |  Latency (absolute) |  Interval | Pipeline|
    |   min   |   max   |    min   |    max   | min | max |   Type  |
    +---------+---------+----------+----------+-----+-----+---------+
    |      154|      154|  1.540 us|  1.540 us|  154|  154|       no|
    +---------+---------+----------+----------+-----+-----+---------+

    + Detail: 
        * Instance: 
        N/A

        * Loop: 
        +-------------------+---------+---------+----------+-----------+-----------+------+----------+
        |                   |  Latency (cycles) | Iteration|  Initiation Interval  | Trip |          |
        |     Loop Name     |   min   |   max   |  Latency |  achieved |   target  | Count| Pipelined|
        +-------------------+---------+---------+----------+-----------+-----------+------+----------+
        |- VITIS_LOOP_22_1  |      152|      152|        26|          1|          1|   128|       yes|
        +-------------------+---------+---------+----------+-----------+-----------+------+----------+

============================================================
+ Verbose Summary: Synthesis Manager
============================================================
InlineROM: 1
ExposeGlobal: 0
============================================================
+ Verbose Summary: CDFG Model
============================================================
IsTopModel: 0
ResetActiveHigh: 1
IsCombinational: 0
IsDatapathOnly: 0
HasWiredReturn: 1
HasMFsm: 2
HasVarLatency: 1
IsPipeline: 0
IsRtlPipelined: 0
IsInstanceOverlapped: 0
IsDontTouch: 0
HasImplIP: 0
IsGatedGlobalClock: 0

+ Individual pipeline summary: 
  * Pipeline-0: initiation interval (II) = 1, depth = 26


============================================================
+ Verbose Summary: Schedule
============================================================
* Number of FSM states : 26
* Pipeline : 1
  Pipeline-0 : II = 1, D = 26, States = { 1 2 3 4 5 6 7 8 9 10 11 12 13 14 15 16 17 18 19 20 21 22 23 24 25 26 }
* Dataflow Pipeline: 0

* FSM state transitions: 
1 --> 2 
2 --> 3 
3 --> 4 
4 --> 5 
5 --> 6 
6 --> 7 
7 --> 8 
8 --> 9 
9 --> 10 
10 --> 11 
11 --> 12 
12 --> 13 
13 --> 14 
14 --> 15 
15 --> 16 
16 --> 17 
17 --> 18 
18 --> 19 
19 --> 20 
20 --> 21 
21 --> 22 
22 --> 23 
23 --> 24 
24 --> 25 
25 --> 26 
26 --> 

* FSM state operations: 

State 1 <SV = 0> <Delay = 1.39>
ST_1 : Operation 29 [1/1] (0.00ns)   --->   "%i_4 = alloca i32 1"   --->   Operation 29 'alloca' 'i_4' <Predicate = true> <Delay = 0.00>
ST_1 : Operation 30 [1/1] (0.48ns)   --->   "%store_ln0 = store i8 0, i8 %i_4"   --->   Operation 30 'store' 'store_ln0' <Predicate = true> <Delay = 0.48>
ST_1 : Operation 31 [1/1] (0.00ns)   --->   "%br_ln0 = br void %for.inc.i49"   --->   Operation 31 'br' 'br_ln0' <Predicate = true> <Delay = 0.00>
ST_1 : Operation 32 [1/1] (0.00ns)   --->   "%i = load i8 %i_4" [lstm_hls/rnn.cpp:22->lstm_hls/rnn.cpp:136]   --->   Operation 32 'load' 'i' <Predicate = true> <Delay = 0.00>
ST_1 : Operation 33 [1/1] (0.00ns)   --->   "%specpipeline_ln0 = specpipeline void @_ssdm_op_SpecPipeline, i32 4294967295, i32 0, i32 1, i32 0, void @p_str"   --->   Operation 33 'specpipeline' 'specpipeline_ln0' <Predicate = true> <Delay = 0.00>
ST_1 : Operation 34 [1/1] (0.90ns)   --->   "%icmp_ln22 = icmp_eq  i8 %i, i8 128" [lstm_hls/rnn.cpp:22->lstm_hls/rnn.cpp:136]   --->   Operation 34 'icmp' 'icmp_ln22' <Predicate = true> <Delay = 0.90> <CoreInst = "Cmp">   --->   Core 9 'Cmp' <Latency = 0> <II = 1> <Delay = 0.90> <FuncUnit> <Opcode : 'icmp'> <InPorts = 2> <OutPorts = 1>
ST_1 : Operation 35 [1/1] (0.90ns)   --->   "%add_ln22 = add i8 %i, i8 1" [lstm_hls/rnn.cpp:22->lstm_hls/rnn.cpp:136]   --->   Operation 35 'add' 'add_ln22' <Predicate = true> <Delay = 0.90> <CoreInst = "Adder">   --->   Core 1 'Adder' <Latency = 0> <II = 1> <Delay = 0.90> <FuncUnit> <Opcode : 'add' 'sub'> <InPorts = 2> <OutPorts = 1>
ST_1 : Operation 36 [1/1] (0.00ns)   --->   "%br_ln22 = br i1 %icmp_ln22, void %for.inc.i49.split, void %for.inc111.preheader.exitStub" [lstm_hls/rnn.cpp:22->lstm_hls/rnn.cpp:136]   --->   Operation 36 'br' 'br_ln22' <Predicate = true> <Delay = 0.00>
ST_1 : Operation 37 [1/1] (0.00ns)   --->   "%i_4_cast = zext i8 %i" [lstm_hls/rnn.cpp:22->lstm_hls/rnn.cpp:136]   --->   Operation 37 'zext' 'i_4_cast' <Predicate = (!icmp_ln22)> <Delay = 0.00>
ST_1 : Operation 38 [1/1] (0.00ns)   --->   "%vec_tmp_addr = getelementptr i32 %vec_tmp, i64 0, i64 %i_4_cast" [lstm_hls/rnn.cpp:23->lstm_hls/rnn.cpp:136]   --->   Operation 38 'getelementptr' 'vec_tmp_addr' <Predicate = (!icmp_ln22)> <Delay = 0.00>
ST_1 : Operation 39 [2/2] (1.35ns)   --->   "%vec_tmp_load = load i7 %vec_tmp_addr" [lstm_hls/rnn.cpp:23->lstm_hls/rnn.cpp:136]   --->   Operation 39 'load' 'vec_tmp_load' <Predicate = (!icmp_ln22)> <Delay = 1.35> <CoreInst = "RAM">   --->   Core 83 'RAM' <Latency = 1> <II = 1> <Delay = 1.35> <Storage> <Opcode : 'load' 'store'> <Ports = 2> <Width = 32> <Depth = 128> <RAM>
ST_1 : Operation 40 [1/1] (0.48ns)   --->   "%store_ln22 = store i8 %add_ln22, i8 %i_4" [lstm_hls/rnn.cpp:22->lstm_hls/rnn.cpp:136]   --->   Operation 40 'store' 'store_ln22' <Predicate = (!icmp_ln22)> <Delay = 0.48>

State 2 <SV = 1> <Delay = 1.75>
ST_2 : Operation 41 [1/2] (1.35ns)   --->   "%vec_tmp_load = load i7 %vec_tmp_addr" [lstm_hls/rnn.cpp:23->lstm_hls/rnn.cpp:136]   --->   Operation 41 'load' 'vec_tmp_load' <Predicate = true> <Delay = 1.35> <CoreInst = "RAM">   --->   Core 83 'RAM' <Latency = 1> <II = 1> <Delay = 1.35> <Storage> <Opcode : 'load' 'store'> <Ports = 2> <Width = 32> <Depth = 128> <RAM>
ST_2 : Operation 42 [1/1] (0.00ns)   --->   "%bitcast_ln23 = bitcast i32 %vec_tmp_load" [lstm_hls/rnn.cpp:23->lstm_hls/rnn.cpp:136]   --->   Operation 42 'bitcast' 'bitcast_ln23' <Predicate = true> <Delay = 0.00>
ST_2 : Operation 43 [1/1] (0.40ns)   --->   "%xor_ln23 = xor i32 %bitcast_ln23, i32 2147483648" [lstm_hls/rnn.cpp:23->lstm_hls/rnn.cpp:136]   --->   Operation 43 'xor' 'xor_ln23' <Predicate = true> <Delay = 0.40> <CoreInst = "LogicGate">   --->   Core 74 'LogicGate' <Latency = 0> <II = 1> <Delay = 0.40> <FuncUnit> <Opcode : 'and' 'or' 'xor'> <InPorts = 2> <OutPorts = 1>

State 3 <SV = 2> <Delay = 6.00>
ST_3 : Operation 44 [1/1] (0.00ns)   --->   "%bitcast_ln23_2 = bitcast i32 %xor_ln23" [lstm_hls/rnn.cpp:23->lstm_hls/rnn.cpp:136]   --->   Operation 44 'bitcast' 'bitcast_ln23_2' <Predicate = true> <Delay = 0.00>
ST_3 : [1/1] (0.77ns)   --->   Input mux for Operation 45 '%tmp_1 = fexp i32 @llvm.exp.f32, i32 %bitcast_ln23_2'
ST_3 : Operation 45 [8/8] (5.22ns)   --->   "%tmp_1 = fexp i32 @llvm.exp.f32, i32 %bitcast_ln23_2" [lstm_hls/rnn.cpp:23->lstm_hls/rnn.cpp:136]   --->   Operation 45 'fexp' 'tmp_1' <Predicate = true> <Delay = 5.22> <CoreInst = "FExp_fulldsp">   --->   Core 23 'FExp_fulldsp' <Latency = 7> <II = 1> <Delay = 6.00> <FuncUnit> <Opcode : 'fexp'> <InPorts = 1> <OutPorts = 1>

State 4 <SV = 3> <Delay = 6.00>
ST_4 : Operation 46 [7/8] (6.00ns)   --->   "%tmp_1 = fexp i32 @llvm.exp.f32, i32 %bitcast_ln23_2" [lstm_hls/rnn.cpp:23->lstm_hls/rnn.cpp:136]   --->   Operation 46 'fexp' 'tmp_1' <Predicate = true> <Delay = 6.00> <CoreInst = "FExp_fulldsp">   --->   Core 23 'FExp_fulldsp' <Latency = 7> <II = 1> <Delay = 6.00> <FuncUnit> <Opcode : 'fexp'> <InPorts = 1> <OutPorts = 1>

State 5 <SV = 4> <Delay = 6.00>
ST_5 : Operation 47 [6/8] (6.00ns)   --->   "%tmp_1 = fexp i32 @llvm.exp.f32, i32 %bitcast_ln23_2" [lstm_hls/rnn.cpp:23->lstm_hls/rnn.cpp:136]   --->   Operation 47 'fexp' 'tmp_1' <Predicate = true> <Delay = 6.00> <CoreInst = "FExp_fulldsp">   --->   Core 23 'FExp_fulldsp' <Latency = 7> <II = 1> <Delay = 6.00> <FuncUnit> <Opcode : 'fexp'> <InPorts = 1> <OutPorts = 1>

State 6 <SV = 5> <Delay = 6.00>
ST_6 : Operation 48 [5/8] (6.00ns)   --->   "%tmp_1 = fexp i32 @llvm.exp.f32, i32 %bitcast_ln23_2" [lstm_hls/rnn.cpp:23->lstm_hls/rnn.cpp:136]   --->   Operation 48 'fexp' 'tmp_1' <Predicate = true> <Delay = 6.00> <CoreInst = "FExp_fulldsp">   --->   Core 23 'FExp_fulldsp' <Latency = 7> <II = 1> <Delay = 6.00> <FuncUnit> <Opcode : 'fexp'> <InPorts = 1> <OutPorts = 1>

State 7 <SV = 6> <Delay = 6.00>
ST_7 : Operation 49 [4/8] (6.00ns)   --->   "%tmp_1 = fexp i32 @llvm.exp.f32, i32 %bitcast_ln23_2" [lstm_hls/rnn.cpp:23->lstm_hls/rnn.cpp:136]   --->   Operation 49 'fexp' 'tmp_1' <Predicate = true> <Delay = 6.00> <CoreInst = "FExp_fulldsp">   --->   Core 23 'FExp_fulldsp' <Latency = 7> <II = 1> <Delay = 6.00> <FuncUnit> <Opcode : 'fexp'> <InPorts = 1> <OutPorts = 1>

State 8 <SV = 7> <Delay = 6.00>
ST_8 : Operation 50 [3/8] (6.00ns)   --->   "%tmp_1 = fexp i32 @llvm.exp.f32, i32 %bitcast_ln23_2" [lstm_hls/rnn.cpp:23->lstm_hls/rnn.cpp:136]   --->   Operation 50 'fexp' 'tmp_1' <Predicate = true> <Delay = 6.00> <CoreInst = "FExp_fulldsp">   --->   Core 23 'FExp_fulldsp' <Latency = 7> <II = 1> <Delay = 6.00> <FuncUnit> <Opcode : 'fexp'> <InPorts = 1> <OutPorts = 1>

State 9 <SV = 8> <Delay = 6.00>
ST_9 : Operation 51 [2/8] (6.00ns)   --->   "%tmp_1 = fexp i32 @llvm.exp.f32, i32 %bitcast_ln23_2" [lstm_hls/rnn.cpp:23->lstm_hls/rnn.cpp:136]   --->   Operation 51 'fexp' 'tmp_1' <Predicate = true> <Delay = 6.00> <CoreInst = "FExp_fulldsp">   --->   Core 23 'FExp_fulldsp' <Latency = 7> <II = 1> <Delay = 6.00> <FuncUnit> <Opcode : 'fexp'> <InPorts = 1> <OutPorts = 1>

State 10 <SV = 9> <Delay = 6.00>
ST_10 : Operation 52 [1/8] (6.00ns)   --->   "%tmp_1 = fexp i32 @llvm.exp.f32, i32 %bitcast_ln23_2" [lstm_hls/rnn.cpp:23->lstm_hls/rnn.cpp:136]   --->   Operation 52 'fexp' 'tmp_1' <Predicate = true> <Delay = 6.00> <CoreInst = "FExp_fulldsp">   --->   Core 23 'FExp_fulldsp' <Latency = 7> <II = 1> <Delay = 6.00> <FuncUnit> <Opcode : 'fexp'> <InPorts = 1> <OutPorts = 1>

State 11 <SV = 10> <Delay = 6.01>
ST_11 : [1/1] (0.57ns)   --->   Input mux for Operation 53 '%add_i2 = fadd i32 %tmp_1, i32 1'
ST_11 : Operation 53 [5/5] (5.44ns)   --->   "%add_i2 = fadd i32 %tmp_1, i32 1" [lstm_hls/rnn.cpp:23->lstm_hls/rnn.cpp:136]   --->   Operation 53 'fadd' 'add_i2' <Predicate = true> <Delay = 5.44> <CoreInst = "FAddSub_fulldsp">   --->   Core 18 'FAddSub_fulldsp' <Latency = 4> <II = 1> <Delay = 6.01> <FuncUnit> <Opcode : 'fadd' 'fsub'> <InPorts = 2> <OutPorts = 1>

State 12 <SV = 11> <Delay = 6.01>
ST_12 : Operation 54 [4/5] (6.01ns)   --->   "%add_i2 = fadd i32 %tmp_1, i32 1" [lstm_hls/rnn.cpp:23->lstm_hls/rnn.cpp:136]   --->   Operation 54 'fadd' 'add_i2' <Predicate = true> <Delay = 6.01> <CoreInst = "FAddSub_fulldsp">   --->   Core 18 'FAddSub_fulldsp' <Latency = 4> <II = 1> <Delay = 6.01> <FuncUnit> <Opcode : 'fadd' 'fsub'> <InPorts = 2> <OutPorts = 1>

State 13 <SV = 12> <Delay = 6.01>
ST_13 : Operation 55 [3/5] (6.01ns)   --->   "%add_i2 = fadd i32 %tmp_1, i32 1" [lstm_hls/rnn.cpp:23->lstm_hls/rnn.cpp:136]   --->   Operation 55 'fadd' 'add_i2' <Predicate = true> <Delay = 6.01> <CoreInst = "FAddSub_fulldsp">   --->   Core 18 'FAddSub_fulldsp' <Latency = 4> <II = 1> <Delay = 6.01> <FuncUnit> <Opcode : 'fadd' 'fsub'> <InPorts = 2> <OutPorts = 1>

State 14 <SV = 13> <Delay = 6.01>
ST_14 : Operation 56 [2/5] (6.01ns)   --->   "%add_i2 = fadd i32 %tmp_1, i32 1" [lstm_hls/rnn.cpp:23->lstm_hls/rnn.cpp:136]   --->   Operation 56 'fadd' 'add_i2' <Predicate = true> <Delay = 6.01> <CoreInst = "FAddSub_fulldsp">   --->   Core 18 'FAddSub_fulldsp' <Latency = 4> <II = 1> <Delay = 6.01> <FuncUnit> <Opcode : 'fadd' 'fsub'> <InPorts = 2> <OutPorts = 1>

State 15 <SV = 14> <Delay = 6.01>
ST_15 : Operation 57 [1/5] (6.01ns)   --->   "%add_i2 = fadd i32 %tmp_1, i32 1" [lstm_hls/rnn.cpp:23->lstm_hls/rnn.cpp:136]   --->   Operation 57 'fadd' 'add_i2' <Predicate = true> <Delay = 6.01> <CoreInst = "FAddSub_fulldsp">   --->   Core 18 'FAddSub_fulldsp' <Latency = 4> <II = 1> <Delay = 6.01> <FuncUnit> <Opcode : 'fadd' 'fsub'> <InPorts = 2> <OutPorts = 1>

State 16 <SV = 15> <Delay = 6.70>
ST_16 : [1/1] (0.66ns)   --->   Input mux for Operation 58 '%div_i1 = fdiv i32 1, i32 %add_i2'
ST_16 : Operation 58 [10/10] (6.04ns)   --->   "%div_i1 = fdiv i32 1, i32 %add_i2" [lstm_hls/rnn.cpp:23->lstm_hls/rnn.cpp:136]   --->   Operation 58 'fdiv' 'div_i1' <Predicate = true> <Delay = 6.04> <CoreInst = "FDiv">   --->   Core 20 'FDiv' <Latency = 9> <II = 1> <Delay = 6.70> <FuncUnit> <Opcode : 'fdiv' 'frem'> <InPorts = 2> <OutPorts = 1>

State 17 <SV = 16> <Delay = 6.70>
ST_17 : Operation 59 [9/10] (6.70ns)   --->   "%div_i1 = fdiv i32 1, i32 %add_i2" [lstm_hls/rnn.cpp:23->lstm_hls/rnn.cpp:136]   --->   Operation 59 'fdiv' 'div_i1' <Predicate = true> <Delay = 6.70> <CoreInst = "FDiv">   --->   Core 20 'FDiv' <Latency = 9> <II = 1> <Delay = 6.70> <FuncUnit> <Opcode : 'fdiv' 'frem'> <InPorts = 2> <OutPorts = 1>

State 18 <SV = 17> <Delay = 6.70>
ST_18 : Operation 60 [8/10] (6.70ns)   --->   "%div_i1 = fdiv i32 1, i32 %add_i2" [lstm_hls/rnn.cpp:23->lstm_hls/rnn.cpp:136]   --->   Operation 60 'fdiv' 'div_i1' <Predicate = true> <Delay = 6.70> <CoreInst = "FDiv">   --->   Core 20 'FDiv' <Latency = 9> <II = 1> <Delay = 6.70> <FuncUnit> <Opcode : 'fdiv' 'frem'> <InPorts = 2> <OutPorts = 1>

State 19 <SV = 18> <Delay = 6.70>
ST_19 : Operation 61 [7/10] (6.70ns)   --->   "%div_i1 = fdiv i32 1, i32 %add_i2" [lstm_hls/rnn.cpp:23->lstm_hls/rnn.cpp:136]   --->   Operation 61 'fdiv' 'div_i1' <Predicate = true> <Delay = 6.70> <CoreInst = "FDiv">   --->   Core 20 'FDiv' <Latency = 9> <II = 1> <Delay = 6.70> <FuncUnit> <Opcode : 'fdiv' 'frem'> <InPorts = 2> <OutPorts = 1>

State 20 <SV = 19> <Delay = 6.70>
ST_20 : Operation 62 [6/10] (6.70ns)   --->   "%div_i1 = fdiv i32 1, i32 %add_i2" [lstm_hls/rnn.cpp:23->lstm_hls/rnn.cpp:136]   --->   Operation 62 'fdiv' 'div_i1' <Predicate = true> <Delay = 6.70> <CoreInst = "FDiv">   --->   Core 20 'FDiv' <Latency = 9> <II = 1> <Delay = 6.70> <FuncUnit> <Opcode : 'fdiv' 'frem'> <InPorts = 2> <OutPorts = 1>

State 21 <SV = 20> <Delay = 6.70>
ST_21 : Operation 63 [5/10] (6.70ns)   --->   "%div_i1 = fdiv i32 1, i32 %add_i2" [lstm_hls/rnn.cpp:23->lstm_hls/rnn.cpp:136]   --->   Operation 63 'fdiv' 'div_i1' <Predicate = true> <Delay = 6.70> <CoreInst = "FDiv">   --->   Core 20 'FDiv' <Latency = 9> <II = 1> <Delay = 6.70> <FuncUnit> <Opcode : 'fdiv' 'frem'> <InPorts = 2> <OutPorts = 1>

State 22 <SV = 21> <Delay = 6.70>
ST_22 : Operation 64 [4/10] (6.70ns)   --->   "%div_i1 = fdiv i32 1, i32 %add_i2" [lstm_hls/rnn.cpp:23->lstm_hls/rnn.cpp:136]   --->   Operation 64 'fdiv' 'div_i1' <Predicate = true> <Delay = 6.70> <CoreInst = "FDiv">   --->   Core 20 'FDiv' <Latency = 9> <II = 1> <Delay = 6.70> <FuncUnit> <Opcode : 'fdiv' 'frem'> <InPorts = 2> <OutPorts = 1>

State 23 <SV = 22> <Delay = 6.70>
ST_23 : Operation 65 [3/10] (6.70ns)   --->   "%div_i1 = fdiv i32 1, i32 %add_i2" [lstm_hls/rnn.cpp:23->lstm_hls/rnn.cpp:136]   --->   Operation 65 'fdiv' 'div_i1' <Predicate = true> <Delay = 6.70> <CoreInst = "FDiv">   --->   Core 20 'FDiv' <Latency = 9> <II = 1> <Delay = 6.70> <FuncUnit> <Opcode : 'fdiv' 'frem'> <InPorts = 2> <OutPorts = 1>

State 24 <SV = 23> <Delay = 6.70>
ST_24 : Operation 66 [2/10] (6.70ns)   --->   "%div_i1 = fdiv i32 1, i32 %add_i2" [lstm_hls/rnn.cpp:23->lstm_hls/rnn.cpp:136]   --->   Operation 66 'fdiv' 'div_i1' <Predicate = true> <Delay = 6.70> <CoreInst = "FDiv">   --->   Core 20 'FDiv' <Latency = 9> <II = 1> <Delay = 6.70> <FuncUnit> <Opcode : 'fdiv' 'frem'> <InPorts = 2> <OutPorts = 1>

State 25 <SV = 24> <Delay = 6.70>
ST_25 : Operation 67 [1/10] (6.70ns)   --->   "%div_i1 = fdiv i32 1, i32 %add_i2" [lstm_hls/rnn.cpp:23->lstm_hls/rnn.cpp:136]   --->   Operation 67 'fdiv' 'div_i1' <Predicate = true> <Delay = 6.70> <CoreInst = "FDiv">   --->   Core 20 'FDiv' <Latency = 9> <II = 1> <Delay = 6.70> <FuncUnit> <Opcode : 'fdiv' 'frem'> <InPorts = 2> <OutPorts = 1>
ST_25 : Operation 73 [1/1] (0.00ns)   --->   "%ret_ln0 = ret"   --->   Operation 73 'ret' 'ret_ln0' <Predicate = (icmp_ln22)> <Delay = 0.00>

State 26 <SV = 25> <Delay = 1.35>
ST_26 : Operation 68 [1/1] (0.00ns)   --->   "%speclooptripcount_ln22 = speclooptripcount void @_ssdm_op_SpecLoopTripCount, i64 128, i64 128, i64 128" [lstm_hls/rnn.cpp:22->lstm_hls/rnn.cpp:136]   --->   Operation 68 'speclooptripcount' 'speclooptripcount_ln22' <Predicate = true> <Delay = 0.00>
ST_26 : Operation 69 [1/1] (0.00ns)   --->   "%specloopname_ln22 = specloopname void @_ssdm_op_SpecLoopName, void @empty_0" [lstm_hls/rnn.cpp:22->lstm_hls/rnn.cpp:136]   --->   Operation 69 'specloopname' 'specloopname_ln22' <Predicate = true> <Delay = 0.00>
ST_26 : Operation 70 [1/1] (0.00ns)   --->   "%gate_i_addr = getelementptr i32 %gate_i, i64 0, i64 %i_4_cast" [lstm_hls/rnn.cpp:23->lstm_hls/rnn.cpp:136]   --->   Operation 70 'getelementptr' 'gate_i_addr' <Predicate = true> <Delay = 0.00>
ST_26 : Operation 71 [1/1] (1.35ns)   --->   "%store_ln23 = store i32 %div_i1, i7 %gate_i_addr" [lstm_hls/rnn.cpp:23->lstm_hls/rnn.cpp:136]   --->   Operation 71 'store' 'store_ln23' <Predicate = true> <Delay = 1.35> <CoreInst = "RAM">   --->   Core 83 'RAM' <Latency = 1> <II = 1> <Delay = 1.35> <Storage> <Opcode : 'load' 'store'> <Ports = 2> <Width = 32> <Depth = 128> <RAM>
ST_26 : Operation 72 [1/1] (0.00ns)   --->   "%br_ln22 = br void %for.inc.i49" [lstm_hls/rnn.cpp:22->lstm_hls/rnn.cpp:136]   --->   Operation 72 'br' 'br_ln22' <Predicate = true> <Delay = 0.00>


============================================================
+ Verbose Summary: Binding
============================================================
STG Binding: 
---------------- STG Properties BEGIN ----------------
- Is combinational: 0
- Is one-state seq: 0
- Is datapath-only: 0
- Is pipelined: 0
- Is top level: 0
Port [ Return ] is wired: 1; IO mode=ap_ctrl_hs:ce=0
Port [ vec_tmp]:  wired=1; compound=1; hidden=0; nouse=0; global=0; static=0; extern=0; dir=0; type=1; pingpong=0; private_global=0; MemPort=[13]; IO mode=ap_memory:ce=0
Port [ gate_i]:  wired=1; compound=1; hidden=0; nouse=0; global=0; static=0; extern=0; dir=1; type=1; pingpong=0; private_global=0; MemPort=[03]; IO mode=ap_memory:ce=0
---------------- STG Properties END ------------------

---------------- Datapath Model BEGIN ----------------

<LifeTime>
<method=bitvector/>
i_4                    (alloca           ) [ 010000000000000000000000000]
store_ln0              (store            ) [ 000000000000000000000000000]
br_ln0                 (br               ) [ 000000000000000000000000000]
i                      (load             ) [ 000000000000000000000000000]
specpipeline_ln0       (specpipeline     ) [ 000000000000000000000000000]
icmp_ln22              (icmp             ) [ 011111111111111111111111110]
add_ln22               (add              ) [ 000000000000000000000000000]
br_ln22                (br               ) [ 000000000000000000000000000]
i_4_cast               (zext             ) [ 011111111111111111111111111]
vec_tmp_addr           (getelementptr    ) [ 011000000000000000000000000]
store_ln22             (store            ) [ 000000000000000000000000000]
vec_tmp_load           (load             ) [ 000000000000000000000000000]
bitcast_ln23           (bitcast          ) [ 000000000000000000000000000]
xor_ln23               (xor              ) [ 010100000000000000000000000]
bitcast_ln23_2         (bitcast          ) [ 010011111110000000000000000]
tmp_1                  (fexp             ) [ 010000000001111100000000000]
add_i2                 (fadd             ) [ 010000000000000011111111110]
div_i1                 (fdiv             ) [ 010000000000000000000000001]
speclooptripcount_ln22 (speclooptripcount) [ 000000000000000000000000000]
specloopname_ln22      (specloopname     ) [ 000000000000000000000000000]
gate_i_addr            (getelementptr    ) [ 000000000000000000000000000]
store_ln23             (store            ) [ 000000000000000000000000000]
br_ln22                (br               ) [ 000000000000000000000000000]
ret_ln0                (ret              ) [ 000000000000000000000000000]
</LifeTime>

<model>

<comp_list>
<comp id="0" class="1000" name="vec_tmp">
<pin_list>
<pin id="1" dir="1" index="0" bw="1" slack="0"/>
</pin_list>
<bind>
<StgValue><ssdm name="vec_tmp"/><MemPortTyVec>1 3 </MemPortTyVec>
</StgValue>
</bind>
</comp>

<comp id="2" class="1000" name="gate_i">
<pin_list>
<pin id="3" dir="1" index="0" bw="1" slack="0"/>
</pin_list>
<bind>
<StgValue><ssdm name="gate_i"/><MemPortTyVec>0 3 </MemPortTyVec>
</StgValue>
</bind>
</comp>

<comp id="4" class="1001" name="const_4">
<pin_list>
<pin id="5" dir="1" index="0" bw="1" slack="0"/>
</pin_list>
<bind>
<StgValue><ssdm name=""/></StgValue>
</bind>
</comp>

<comp id="6" class="1001" name="const_6">
<pin_list>
<pin id="7" dir="1" index="0" bw="1" slack="0"/>
</pin_list>
<bind>
<StgValue><ssdm name=""/></StgValue>
</bind>
</comp>

<comp id="8" class="1001" name="const_8">
<pin_list>
<pin id="9" dir="1" index="0" bw="1" slack="2147483647"/>
</pin_list>
<bind>
<StgValue><ssdm name="_ssdm_op_SpecPipeline"/></StgValue>
</bind>
</comp>

<comp id="10" class="1001" name="const_10">
<pin_list>
<pin id="11" dir="1" index="0" bw="1" slack="2147483647"/>
</pin_list>
<bind>
<StgValue><ssdm name=""/></StgValue>
</bind>
</comp>

<comp id="12" class="1001" name="const_12">
<pin_list>
<pin id="13" dir="1" index="0" bw="1" slack="2147483647"/>
</pin_list>
<bind>
<StgValue><ssdm name=""/></StgValue>
</bind>
</comp>

<comp id="14" class="1001" name="const_14">
<pin_list>
<pin id="15" dir="1" index="0" bw="1" slack="2147483647"/>
</pin_list>
<bind>
<StgValue><ssdm name="p_str"/></StgValue>
</bind>
</comp>

<comp id="16" class="1001" name="const_16">
<pin_list>
<pin id="17" dir="1" index="0" bw="1" slack="0"/>
</pin_list>
<bind>
<StgValue><ssdm name=""/></StgValue>
</bind>
</comp>

<comp id="18" class="1001" name="const_18">
<pin_list>
<pin id="19" dir="1" index="0" bw="1" slack="0"/>
</pin_list>
<bind>
<StgValue><ssdm name=""/></StgValue>
</bind>
</comp>

<comp id="20" class="1001" name="const_20">
<pin_list>
<pin id="21" dir="1" index="0" bw="1" slack="0"/>
</pin_list>
<bind>
<StgValue><ssdm name=""/></StgValue>
</bind>
</comp>

<comp id="22" class="1001" name="const_22">
<pin_list>
<pin id="23" dir="1" index="0" bw="1" slack="0"/>
</pin_list>
<bind>
<StgValue><ssdm name=""/></StgValue>
</bind>
</comp>

<comp id="24" class="1001" name="const_24">
<pin_list>
<pin id="25" dir="1" index="0" bw="1" slack="0"/>
</pin_list>
<bind>
<StgValue><ssdm name="llvm.exp.f32"/></StgValue>
</bind>
</comp>

<comp id="26" class="1001" name="const_26">
<pin_list>
<pin id="27" dir="1" index="0" bw="1" slack="0"/>
</pin_list>
<bind>
<StgValue><ssdm name=""/></StgValue>
</bind>
</comp>

<comp id="28" class="1001" name="const_28">
<pin_list>
<pin id="29" dir="1" index="0" bw="1" slack="2147483647"/>
</pin_list>
<bind>
<StgValue><ssdm name="_ssdm_op_SpecLoopTripCount"/></StgValue>
</bind>
</comp>

<comp id="30" class="1001" name="const_30">
<pin_list>
<pin id="31" dir="1" index="0" bw="1" slack="2147483647"/>
</pin_list>
<bind>
<StgValue><ssdm name=""/></StgValue>
</bind>
</comp>

<comp id="32" class="1001" name="const_32">
<pin_list>
<pin id="33" dir="1" index="0" bw="1" slack="2147483647"/>
</pin_list>
<bind>
<StgValue><ssdm name="_ssdm_op_SpecLoopName"/></StgValue>
</bind>
</comp>

<comp id="34" class="1001" name="const_34">
<pin_list>
<pin id="35" dir="1" index="0" bw="1" slack="2147483647"/>
</pin_list>
<bind>
<StgValue><ssdm name="empty_0"/></StgValue>
</bind>
</comp>

<comp id="36" class="1004" name="i_4_fu_36">
<pin_list>
<pin id="37" dir="0" index="0" bw="1" slack="0"/>
<pin id="38" dir="1" index="1" bw="8" slack="0"/>
</pin_list>
<bind>
<opcode="alloca(26) " fcode="alloca"/>
<opset="i_4/1 "/>
</bind>
</comp>

<comp id="40" class="1004" name="vec_tmp_addr_gep_fu_40">
<pin_list>
<pin id="41" dir="0" index="0" bw="32" slack="0"/>
<pin id="42" dir="0" index="1" bw="1" slack="0"/>
<pin id="43" dir="0" index="2" bw="8" slack="0"/>
<pin id="44" dir="1" index="3" bw="7" slack="0"/>
</pin_list>
<bind>
<opcode="getelementptr(29) " fcode="getelementptr"/>
<opset="vec_tmp_addr/1 "/>
</bind>
</comp>

<comp id="47" class="1004" name="grp_access_fu_47">
<pin_list>
<pin id="48" dir="0" index="0" bw="7" slack="0"/>
<pin id="49" dir="0" index="1" bw="32" slack="2147483647"/>
<pin id="50" dir="0" index="2" bw="0" slack="2147483647"/>
<pin id="51" dir="1" index="3" bw="32" slack="0"/>
</pin_list>
<bind>
<opcode="load(27) " fcode="load"/>
<opset="vec_tmp_load/1 "/>
</bind>
</comp>

<comp id="53" class="1004" name="gate_i_addr_gep_fu_53">
<pin_list>
<pin id="54" dir="0" index="0" bw="32" slack="0"/>
<pin id="55" dir="0" index="1" bw="1" slack="0"/>
<pin id="56" dir="0" index="2" bw="8" slack="25"/>
<pin id="57" dir="1" index="3" bw="7" slack="0"/>
</pin_list>
<bind>
<opcode="getelementptr(29) " fcode="getelementptr"/>
<opset="gate_i_addr/26 "/>
</bind>
</comp>

<comp id="60" class="1004" name="store_ln23_access_fu_60">
<pin_list>
<pin id="61" dir="0" index="0" bw="7" slack="0"/>
<pin id="62" dir="0" index="1" bw="32" slack="1"/>
<pin id="63" dir="0" index="2" bw="0" slack="2147483647"/>
<pin id="64" dir="1" index="3" bw="32" slack="2147483647"/>
</pin_list>
<bind>
<opcode="store(28) " fcode="store"/>
<opset="store_ln23/26 "/>
</bind>
</comp>

<comp id="66" class="1004" name="grp_fu_66">
<pin_list>
<pin id="67" dir="0" index="0" bw="32" slack="1"/>
<pin id="68" dir="0" index="1" bw="32" slack="0"/>
<pin id="69" dir="1" index="2" bw="32" slack="1"/>
</pin_list>
<bind>
<opcode="fadd(9) " fcode="fadd"/>
<opset="add_i2/11 "/>
</bind>
</comp>

<comp id="71" class="1004" name="grp_fu_71">
<pin_list>
<pin id="72" dir="0" index="0" bw="32" slack="0"/>
<pin id="73" dir="0" index="1" bw="32" slack="1"/>
<pin id="74" dir="1" index="2" bw="32" slack="1"/>
</pin_list>
<bind>
<opcode="fdiv(16) " fcode="fdiv"/>
<opset="div_i1/16 "/>
</bind>
</comp>

<comp id="76" class="1004" name="grp_fu_76">
<pin_list>
<pin id="77" dir="0" index="0" bw="32" slack="0"/>
<pin id="78" dir="0" index="1" bw="32" slack="0"/>
<pin id="79" dir="1" index="2" bw="32" slack="1"/>
</pin_list>
<bind>
<opcode="fexp(507) " fcode="fexp"/>
<opset="tmp_1/3 "/>
</bind>
</comp>

<comp id="81" class="1004" name="store_ln0_store_fu_81">
<pin_list>
<pin id="82" dir="0" index="0" bw="1" slack="0"/>
<pin id="83" dir="0" index="1" bw="8" slack="0"/>
<pin id="84" dir="1" index="2" bw="0" slack="2147483647"/>
</pin_list>
<bind>
<opcode="store(28) " fcode="store"/>
<opset="store_ln0/1 "/>
</bind>
</comp>

<comp id="86" class="1004" name="i_load_fu_86">
<pin_list>
<pin id="87" dir="0" index="0" bw="8" slack="0"/>
<pin id="88" dir="1" index="1" bw="8" slack="0"/>
</pin_list>
<bind>
<opcode="load(27) " fcode="load"/>
<opset="i/1 "/>
</bind>
</comp>

<comp id="89" class="1004" name="icmp_ln22_fu_89">
<pin_list>
<pin id="90" dir="0" index="0" bw="8" slack="0"/>
<pin id="91" dir="0" index="1" bw="8" slack="0"/>
<pin id="92" dir="1" index="2" bw="1" slack="24"/>
</pin_list>
<bind>
<opcode="icmp(45) " fcode="icmp"/>
<opset="icmp_ln22/1 "/>
</bind>
</comp>

<comp id="95" class="1004" name="add_ln22_fu_95">
<pin_list>
<pin id="96" dir="0" index="0" bw="8" slack="0"/>
<pin id="97" dir="0" index="1" bw="1" slack="0"/>
<pin id="98" dir="1" index="2" bw="8" slack="0"/>
</pin_list>
<bind>
<opcode="add(8) " fcode="add"/>
<opset="add_ln22/1 "/>
</bind>
</comp>

<comp id="101" class="1004" name="i_4_cast_fu_101">
<pin_list>
<pin id="102" dir="0" index="0" bw="8" slack="0"/>
<pin id="103" dir="1" index="1" bw="64" slack="0"/>
</pin_list>
<bind>
<opcode="zext(34) " fcode="zext"/>
<opset="i_4_cast/1 "/>
</bind>
</comp>

<comp id="106" class="1004" name="store_ln22_store_fu_106">
<pin_list>
<pin id="107" dir="0" index="0" bw="8" slack="0"/>
<pin id="108" dir="0" index="1" bw="8" slack="0"/>
<pin id="109" dir="1" index="2" bw="0" slack="2147483647"/>
</pin_list>
<bind>
<opcode="store(28) " fcode="store"/>
<opset="store_ln22/1 "/>
</bind>
</comp>

<comp id="111" class="1004" name="bitcast_ln23_fu_111">
<pin_list>
<pin id="112" dir="0" index="0" bw="32" slack="0"/>
<pin id="113" dir="1" index="1" bw="32" slack="0"/>
</pin_list>
<bind>
<opcode="bitcast(44) " fcode="bitcast"/>
<opset="bitcast_ln23/2 "/>
</bind>
</comp>

<comp id="115" class="1004" name="xor_ln23_fu_115">
<pin_list>
<pin id="116" dir="0" index="0" bw="32" slack="0"/>
<pin id="117" dir="0" index="1" bw="32" slack="0"/>
<pin id="118" dir="1" index="2" bw="32" slack="1"/>
</pin_list>
<bind>
<opcode="xor(25) " fcode="xor"/>
<opset="xor_ln23/2 "/>
</bind>
</comp>

<comp id="121" class="1004" name="bitcast_ln23_2_fu_121">
<pin_list>
<pin id="122" dir="0" index="0" bw="32" slack="1"/>
<pin id="123" dir="1" index="1" bw="32" slack="0"/>
</pin_list>
<bind>
<opcode="bitcast(44) " fcode="bitcast"/>
<opset="bitcast_ln23_2/3 "/>
</bind>
</comp>

<comp id="125" class="1005" name="i_4_reg_125">
<pin_list>
<pin id="126" dir="0" index="0" bw="8" slack="0"/>
<pin id="127" dir="1" index="1" bw="8" slack="0"/>
</pin_list>
<bind>
<opset="i_4 "/>
</bind>
</comp>

<comp id="132" class="1005" name="icmp_ln22_reg_132">
<pin_list>
<pin id="133" dir="0" index="0" bw="1" slack="24"/>
<pin id="134" dir="1" index="1" bw="1" slack="2147483647"/>
</pin_list>
<bind>
<opset="icmp_ln22 "/>
</bind>
</comp>

<comp id="136" class="1005" name="i_4_cast_reg_136">
<pin_list>
<pin id="137" dir="0" index="0" bw="64" slack="25"/>
<pin id="138" dir="1" index="1" bw="64" slack="25"/>
</pin_list>
<bind>
<opset="i_4_cast "/>
</bind>
</comp>

<comp id="141" class="1005" name="vec_tmp_addr_reg_141">
<pin_list>
<pin id="142" dir="0" index="0" bw="7" slack="1"/>
<pin id="143" dir="1" index="1" bw="7" slack="1"/>
</pin_list>
<bind>
<opset="vec_tmp_addr "/>
</bind>
</comp>

<comp id="146" class="1005" name="xor_ln23_reg_146">
<pin_list>
<pin id="147" dir="0" index="0" bw="32" slack="1"/>
<pin id="148" dir="1" index="1" bw="32" slack="1"/>
</pin_list>
<bind>
<opset="xor_ln23 "/>
</bind>
</comp>

<comp id="151" class="1005" name="bitcast_ln23_2_reg_151">
<pin_list>
<pin id="152" dir="0" index="0" bw="32" slack="1"/>
<pin id="153" dir="1" index="1" bw="32" slack="1"/>
</pin_list>
<bind>
<opset="bitcast_ln23_2 "/>
</bind>
</comp>

<comp id="156" class="1005" name="tmp_1_reg_156">
<pin_list>
<pin id="157" dir="0" index="0" bw="32" slack="1"/>
<pin id="158" dir="1" index="1" bw="32" slack="1"/>
</pin_list>
<bind>
<opset="tmp_1 "/>
</bind>
</comp>

<comp id="161" class="1005" name="add_i2_reg_161">
<pin_list>
<pin id="162" dir="0" index="0" bw="32" slack="1"/>
<pin id="163" dir="1" index="1" bw="32" slack="1"/>
</pin_list>
<bind>
<opset="add_i2 "/>
</bind>
</comp>

<comp id="166" class="1005" name="div_i1_reg_166">
<pin_list>
<pin id="167" dir="0" index="0" bw="32" slack="1"/>
<pin id="168" dir="1" index="1" bw="32" slack="1"/>
</pin_list>
<bind>
<opset="div_i1 "/>
</bind>
</comp>

</comp_list>

<net_list>
<net id="39"><net_src comp="4" pin="0"/><net_sink comp="36" pin=0"/></net>

<net id="45"><net_src comp="0" pin="0"/><net_sink comp="40" pin=0"/></net>

<net id="46"><net_src comp="20" pin="0"/><net_sink comp="40" pin=1"/></net>

<net id="52"><net_src comp="40" pin="3"/><net_sink comp="47" pin=0"/></net>

<net id="58"><net_src comp="2" pin="0"/><net_sink comp="53" pin=0"/></net>

<net id="59"><net_src comp="20" pin="0"/><net_sink comp="53" pin=1"/></net>

<net id="65"><net_src comp="53" pin="3"/><net_sink comp="60" pin=0"/></net>

<net id="70"><net_src comp="26" pin="0"/><net_sink comp="66" pin=1"/></net>

<net id="75"><net_src comp="26" pin="0"/><net_sink comp="71" pin=0"/></net>

<net id="80"><net_src comp="24" pin="0"/><net_sink comp="76" pin=0"/></net>

<net id="85"><net_src comp="6" pin="0"/><net_sink comp="81" pin=0"/></net>

<net id="93"><net_src comp="86" pin="1"/><net_sink comp="89" pin=0"/></net>

<net id="94"><net_src comp="16" pin="0"/><net_sink comp="89" pin=1"/></net>

<net id="99"><net_src comp="86" pin="1"/><net_sink comp="95" pin=0"/></net>

<net id="100"><net_src comp="18" pin="0"/><net_sink comp="95" pin=1"/></net>

<net id="104"><net_src comp="86" pin="1"/><net_sink comp="101" pin=0"/></net>

<net id="105"><net_src comp="101" pin="1"/><net_sink comp="40" pin=2"/></net>

<net id="110"><net_src comp="95" pin="2"/><net_sink comp="106" pin=0"/></net>

<net id="114"><net_src comp="47" pin="3"/><net_sink comp="111" pin=0"/></net>

<net id="119"><net_src comp="111" pin="1"/><net_sink comp="115" pin=0"/></net>

<net id="120"><net_src comp="22" pin="0"/><net_sink comp="115" pin=1"/></net>

<net id="124"><net_src comp="121" pin="1"/><net_sink comp="76" pin=1"/></net>

<net id="128"><net_src comp="36" pin="1"/><net_sink comp="125" pin=0"/></net>

<net id="129"><net_src comp="125" pin="1"/><net_sink comp="81" pin=1"/></net>

<net id="130"><net_src comp="125" pin="1"/><net_sink comp="86" pin=0"/></net>

<net id="131"><net_src comp="125" pin="1"/><net_sink comp="106" pin=1"/></net>

<net id="135"><net_src comp="89" pin="2"/><net_sink comp="132" pin=0"/></net>

<net id="139"><net_src comp="101" pin="1"/><net_sink comp="136" pin=0"/></net>

<net id="140"><net_src comp="136" pin="1"/><net_sink comp="53" pin=2"/></net>

<net id="144"><net_src comp="40" pin="3"/><net_sink comp="141" pin=0"/></net>

<net id="145"><net_src comp="141" pin="1"/><net_sink comp="47" pin=0"/></net>

<net id="149"><net_src comp="115" pin="2"/><net_sink comp="146" pin=0"/></net>

<net id="150"><net_src comp="146" pin="1"/><net_sink comp="121" pin=0"/></net>

<net id="154"><net_src comp="121" pin="1"/><net_sink comp="151" pin=0"/></net>

<net id="155"><net_src comp="151" pin="1"/><net_sink comp="76" pin=1"/></net>

<net id="159"><net_src comp="76" pin="2"/><net_sink comp="156" pin=0"/></net>

<net id="160"><net_src comp="156" pin="1"/><net_sink comp="66" pin=0"/></net>

<net id="164"><net_src comp="66" pin="2"/><net_sink comp="161" pin=0"/></net>

<net id="165"><net_src comp="161" pin="1"/><net_sink comp="71" pin=1"/></net>

<net id="169"><net_src comp="71" pin="2"/><net_sink comp="166" pin=0"/></net>

<net id="170"><net_src comp="166" pin="1"/><net_sink comp="60" pin=1"/></net>

</net_list>

</model> 
---------------- Datapath Model END ------------------

* FSMD analyzer results:
  - Output states:
	Port: gate_i | {26 }
 - Input state : 
	Port: infer_Pipeline_VITIS_LOOP_22_11 : vec_tmp | {1 2 }
  - Chain level:
	State 1
		store_ln0 : 1
		i : 1
		icmp_ln22 : 2
		add_ln22 : 2
		br_ln22 : 3
		i_4_cast : 2
		vec_tmp_addr : 3
		vec_tmp_load : 4
		store_ln22 : 3
	State 2
		bitcast_ln23 : 1
		xor_ln23 : 2
	State 3
		tmp_1 : 1
	State 4
	State 5
	State 6
	State 7
	State 8
	State 9
	State 10
	State 11
	State 12
	State 13
	State 14
	State 15
	State 16
	State 17
	State 18
	State 19
	State 20
	State 21
	State 22
	State 23
	State 24
	State 25
	State 26
		store_ln23 : 1


============================================================
+ Verbose Summary: Datapath Resource usage 
============================================================

* Functional unit list:
|----------|-----------------|---------|---------|---------|
| Operation| Functional Unit |   DSP   |    FF   |   LUT   |
|----------|-----------------|---------|---------|---------|
|   fexp   |    grp_fu_76    |    7    |   324   |   905   |
|----------|-----------------|---------|---------|---------|
|   fadd   |    grp_fu_66    |    2    |   205   |   206   |
|----------|-----------------|---------|---------|---------|
|    xor   | xor_ln23_fu_115 |    0    |    0    |    32   |
|----------|-----------------|---------|---------|---------|
|   icmp   | icmp_ln22_fu_89 |    0    |    0    |    15   |
|----------|-----------------|---------|---------|---------|
|    add   |  add_ln22_fu_95 |    0    |    0    |    15   |
|----------|-----------------|---------|---------|---------|
|   fdiv   |    grp_fu_71    |    0    |    0    |    0    |
|----------|-----------------|---------|---------|---------|
|   zext   | i_4_cast_fu_101 |    0    |    0    |    0    |
|----------|-----------------|---------|---------|---------|
|   Total  |                 |    9    |   529   |   1173  |
|----------|-----------------|---------|---------|---------|

Memories:
N/A

* Register list:
+----------------------+--------+
|                      |   FF   |
+----------------------+--------+
|    add_i2_reg_161    |   32   |
|bitcast_ln23_2_reg_151|   32   |
|    div_i1_reg_166    |   32   |
|   i_4_cast_reg_136   |   64   |
|      i_4_reg_125     |    8   |
|   icmp_ln22_reg_132  |    1   |
|     tmp_1_reg_156    |   32   |
| vec_tmp_addr_reg_141 |    7   |
|   xor_ln23_reg_146   |   32   |
+----------------------+--------+
|         Total        |   240  |
+----------------------+--------+

* Multiplexer (MUX) list: 
|------------------|------|------|------|--------||---------||---------|
|       Comp       |  Pin | Size |  BW  | S x BW ||  Delay  ||   LUT   |
|------------------|------|------|------|--------||---------||---------|
| grp_access_fu_47 |  p0  |   2  |   7  |   14   ||    9    |
|     grp_fu_76    |  p1  |   2  |  32  |   64   ||    9    |
|------------------|------|------|------|--------||---------||---------|
|       Total      |      |      |      |   78   ||  0.978  ||    18   |
|------------------|------|------|------|--------||---------||---------|



* Summary:
+-----------+--------+--------+--------+--------+
|           |   DSP  |  Delay |   FF   |   LUT  |
+-----------+--------+--------+--------+--------+
|  Function |    9   |    -   |   529  |  1173  |
|   Memory  |    -   |    -   |    -   |    -   |
|Multiplexer|    -   |    0   |    -   |   18   |
|  Register |    -   |    -   |   240  |    -   |
+-----------+--------+--------+--------+--------+
|   Total   |    9   |    0   |   769  |  1191  |
+-----------+--------+--------+--------+--------+
