D:\BaiduNetdiskDownload\lab3_student\lstm_hls\solution1\.autopilot\db\rnn.pp.0.cpp:36778:2: warning: Added loop label VITIS_LOOP_22_1:   [xilinx-label-all-loops]
 for (int i = 0; i < size; ++i){
 ^~~
 VITIS_LOOP_22_1: 
D:\BaiduNetdiskDownload\lab3_student\lstm_hls\solution1\.autopilot\db\rnn.pp.0.cpp:36778:2: note: FIX-IT applied suggested code changes
D:\BaiduNetdiskDownload\lab3_student\lstm_hls\solution1\.autopilot\db\rnn.pp.0.cpp:36790:2: warning: Added loop label VITIS_LOOP_34_1:   [xilinx-label-all-loops]
 for (int i = 0; i < size; ++i){
 ^~~
 VITIS_LOOP_34_1: 
D:\BaiduNetdiskDownload\lab3_student\lstm_hls\solution1\.autopilot\db\rnn.pp.0.cpp:36790:2: note: FIX-IT applied suggested code changes
D:\BaiduNetdiskDownload\lab3_student\lstm_hls\solution1\.autopilot\db\rnn.pp.0.cpp:36801:2: warning: Added loop label VITIS_LOOP_45_1:   [xilinx-label-all-loops]
 for (int i = 0; i < size; ++i){
 ^~~
 VITIS_LOOP_45_1: 
D:\BaiduNetdiskDownload\lab3_student\lstm_hls\solution1\.autopilot\db\rnn.pp.0.cpp:36801:2: note: FIX-IT applied suggested code changes
D:\BaiduNetdiskDownload\lab3_student\lstm_hls\solution1\.autopilot\db\rnn.pp.0.cpp:36812:2: warning: Added loop label VITIS_LOOP_56_1:   [xilinx-label-all-loops]
 for (int i = 0; i < size; ++i) {
 ^~~
 VITIS_LOOP_56_1: 
D:\BaiduNetdiskDownload\lab3_student\lstm_hls\solution1\.autopilot\db\rnn.pp.0.cpp:36812:2: note: FIX-IT applied suggested code changes
D:\BaiduNetdiskDownload\lab3_student\lstm_hls\solution1\.autopilot\db\rnn.pp.0.cpp:36836:2: warning: Added loop label VITIS_LOOP_80_1:   [xilinx-label-all-loops]
 for (int i = 0; i < 28; i++)
 ^~~
 VITIS_LOOP_80_1: 
D:\BaiduNetdiskDownload\lab3_student\lstm_hls\solution1\.autopilot\db\rnn.pp.0.cpp:36836:2: note: FIX-IT applied suggested code changes
D:\BaiduNetdiskDownload\lab3_student\lstm_hls\solution1\.autopilot\db\rnn.pp.0.cpp:36839:3: warning: Added loop label VITIS_LOOP_107_2:   [xilinx-label-all-loops]
  for (int j = 0; j < 28; j++) vec_i[j] = input[i * 28 + j];
  ^~~
  VITIS_LOOP_107_2: 
D:\BaiduNetdiskDownload\lab3_student\lstm_hls\solution1\.autopilot\db\rnn.pp.0.cpp:36839:3: note: FIX-IT applied suggested code changes
D:\BaiduNetdiskDownload\lab3_student\lstm_hls\solution1\.autopilot\db\rnn.pp.0.cpp:36840:3: warning: Added loop label VITIS_LOOP_108_3:   [xilinx-label-all-loops]
  for (int j = 0; j < 128; j++) vec_i[28 + j] = h_t[j];
  ^~~
  VITIS_LOOP_108_3: 
D:\BaiduNetdiskDownload\lab3_student\lstm_hls\solution1\.autopilot\db\rnn.pp.0.cpp:36840:3: note: FIX-IT applied suggested code changes
D:\BaiduNetdiskDownload\lab3_student\lstm_hls\solution1\.autopilot\db\rnn.pp.0.cpp:36846:3: warning: Added loop label VITIS_LOOP_114_4:   [xilinx-label-all-loops]
  for(int i = 0;i < 128;++i){
  ^~~
  VITIS_LOOP_114_4: 
D:\BaiduNetdiskDownload\lab3_student\lstm_hls\solution1\.autopilot\db\rnn.pp.0.cpp:36846:3: note: FIX-IT applied suggested code changes
D:\BaiduNetdiskDownload\lab3_student\lstm_hls\solution1\.autopilot\db\rnn.pp.0.cpp:36848:4: warning: Added loop label VITIS_LOOP_116_5:   [xilinx-label-all-loops]
   for(int j = 0; j < 28 + 128; j++){
   ^~~
   VITIS_LOOP_116_5: 
D:\BaiduNetdiskDownload\lab3_student\lstm_hls\solution1\.autopilot\db\rnn.pp.0.cpp:36848:4: note: FIX-IT applied suggested code changes
D:\BaiduNetdiskDownload\lab3_student\lstm_hls\solution1\.autopilot\db\rnn.pp.0.cpp:36860:3: warning: Added loop label VITIS_LOOP_128_6:   [xilinx-label-all-loops]
  for(int i = 0;i < 128;++i){
  ^~~
  VITIS_LOOP_128_6: 
D:\BaiduNetdiskDownload\lab3_student\lstm_hls\solution1\.autopilot\db\rnn.pp.0.cpp:36860:3: note: FIX-IT applied suggested code changes
D:\BaiduNetdiskDownload\lab3_student\lstm_hls\solution1\.autopilot\db\rnn.pp.0.cpp:36862:4: warning: Added loop label VITIS_LOOP_130_7:   [xilinx-label-all-loops]
   for(int j = 0; j < 28 + 128; j++){
   ^~~
   VITIS_LOOP_130_7: 
D:\BaiduNetdiskDownload\lab3_student\lstm_hls\solution1\.autopilot\db\rnn.pp.0.cpp:36862:4: note: FIX-IT applied suggested code changes
D:\BaiduNetdiskDownload\lab3_student\lstm_hls\solution1\.autopilot\db\rnn.pp.0.cpp:36874:3: warning: Added loop label VITIS_LOOP_142_8:   [xilinx-label-all-loops]
  for(int i = 0;i < 128;++i){
  ^~~
  VITIS_LOOP_142_8: 
D:\BaiduNetdiskDownload\lab3_student\lstm_hls\solution1\.autopilot\db\rnn.pp.0.cpp:36874:3: note: FIX-IT applied suggested code changes
D:\BaiduNetdiskDownload\lab3_student\lstm_hls\solution1\.autopilot\db\rnn.pp.0.cpp:36876:4: warning: Added loop label VITIS_LOOP_144_9:   [xilinx-label-all-loops]
   for(int j = 0; j < 28 + 128; j++){
   ^~~
   VITIS_LOOP_144_9: 
D:\BaiduNetdiskDownload\lab3_student\lstm_hls\solution1\.autopilot\db\rnn.pp.0.cpp:36876:4: note: FIX-IT applied suggested code changes
D:\BaiduNetdiskDownload\lab3_student\lstm_hls\solution1\.autopilot\db\rnn.pp.0.cpp:36888:3: warning: Added loop label VITIS_LOOP_156_10:   [xilinx-label-all-loops]
  for(int i = 0;i < 128;++i){
  ^~~
  VITIS_LOOP_156_10: 
D:\BaiduNetdiskDownload\lab3_student\lstm_hls\solution1\.autopilot\db\rnn.pp.0.cpp:36888:3: note: FIX-IT applied suggested code changes
D:\BaiduNetdiskDownload\lab3_student\lstm_hls\solution1\.autopilot\db\rnn.pp.0.cpp:36890:4: warning: Added loop label VITIS_LOOP_158_11:   [xilinx-label-all-loops]
   for(int j = 0; j < 28 + 128; j++){
   ^~~
   VITIS_LOOP_158_11: 
D:\BaiduNetdiskDownload\lab3_student\lstm_hls\solution1\.autopilot\db\rnn.pp.0.cpp:36890:4: note: FIX-IT applied suggested code changes
D:\BaiduNetdiskDownload\lab3_student\lstm_hls\solution1\.autopilot\db\rnn.pp.0.cpp:36902:3: warning: Added loop label VITIS_LOOP_170_12:   [xilinx-label-all-loops]
  for(int i = 0;i < 128;++i){
  ^~~
  VITIS_LOOP_170_12: 
D:\BaiduNetdiskDownload\lab3_student\lstm_hls\solution1\.autopilot\db\rnn.pp.0.cpp:36902:3: note: FIX-IT applied suggested code changes
D:\BaiduNetdiskDownload\lab3_student\lstm_hls\solution1\.autopilot\db\rnn.pp.0.cpp:36913:3: warning: Added loop label VITIS_LOOP_181_13:   [xilinx-label-all-loops]
  for(int i = 0;i < 128;++i){
  ^~~
  VITIS_LOOP_181_13: 
D:\BaiduNetdiskDownload\lab3_student\lstm_hls\solution1\.autopilot\db\rnn.pp.0.cpp:36913:3: note: FIX-IT applied suggested code changes
D:\BaiduNetdiskDownload\lab3_student\lstm_hls\solution1\.autopilot\db\rnn.pp.0.cpp:36925:31: warning: Added loop label VITIS_LOOP_193_14:   [xilinx-label-all-loops]
 { std::fill_n(res, 10, 0.0); for (int r = 0; r < 10; r++) for (int c = 0; c < 128; c++) res[r] += Weight_lc[r][c] * h_t[c]; };
                              ^~~
                              VITIS_LOOP_193_14: 
D:\BaiduNetdiskDownload\lab3_student\lstm_hls\solution1\.autopilot\db\rnn.pp.0.cpp:36925:31: note: FIX-IT applied suggested code changes
D:\BaiduNetdiskDownload\lab3_student\lstm_hls\solution1\.autopilot\db\rnn.pp.0.cpp:36925:60: warning: Added loop label VITIS_LOOP_193_15:   [xilinx-label-all-loops]
 { std::fill_n(res, 10, 0.0); for (int r = 0; r < 10; r++) for (int c = 0; c < 128; c++) res[r] += Weight_lc[r][c] * h_t[c]; };
                                                           ^~~
                                                           VITIS_LOOP_193_15: 
D:\BaiduNetdiskDownload\lab3_student\lstm_hls\solution1\.autopilot\db\rnn.pp.0.cpp:36925:60: note: FIX-IT applied suggested code changes
