D:\BaiduNetdiskDownload\GraduationDesign\lstm_hls\solution1\.autopilot\db\rnn_top.pp.0.cpp:1454:7: warning: Added loop label VITIS_LOOP_1213_1:   [xilinx-label-all-loops]
      for (i = 0; i < __N - 1; ++i) {
      ^~~
      VITIS_LOOP_1213_1: 
D:\BaiduNetdiskDownload\GraduationDesign\lstm_hls\solution1\.autopilot\db\rnn_top.pp.0.cpp:1454:7: note: FIX-IT applied suggested code changes
D:\BaiduNetdiskDownload\GraduationDesign\lstm_hls\solution1\.autopilot\db\rnn_top.pp.0.cpp:2428:5: warning: Added loop label VITIS_LOOP_676_1:   [xilinx-label-all-loops]
    for (unsigned i = low; i != high; ++i) {
    ^~~
    VITIS_LOOP_676_1: 
D:\BaiduNetdiskDownload\GraduationDesign\lstm_hls\solution1\.autopilot\db\rnn_top.pp.0.cpp:2428:5: note: FIX-IT applied suggested code changes
D:\BaiduNetdiskDownload\GraduationDesign\lstm_hls\solution1\.autopilot\db\rnn_top.pp.0.cpp:2442:5: warning: Added loop label VITIS_LOOP_690_1:   [xilinx-label-all-loops]
    for (unsigned i = low; i != high; ++i) {
    ^~~
    VITIS_LOOP_690_1: 
D:\BaiduNetdiskDownload\GraduationDesign\lstm_hls\solution1\.autopilot\db\rnn_top.pp.0.cpp:2442:5: note: FIX-IT applied suggested code changes
D:\BaiduNetdiskDownload\GraduationDesign\lstm_hls\solution1\.autopilot\db\rnn_top.pp.0.cpp:2456:5: warning: Added loop label VITIS_LOOP_704_1:   [xilinx-label-all-loops]
    for (unsigned i = low; i != high; ++i) {
    ^~~
    VITIS_LOOP_704_1: 
D:\BaiduNetdiskDownload\GraduationDesign\lstm_hls\solution1\.autopilot\db\rnn_top.pp.0.cpp:2456:5: note: FIX-IT applied suggested code changes
D:\BaiduNetdiskDownload\GraduationDesign\lstm_hls\solution1\.autopilot\db\rnn_top.pp.0.cpp:4067:7: warning: Added loop label VITIS_LOOP_1247_1:   [xilinx-label-all-loops]
      for (i = 0; i < __N - 1; ++i) {
      ^~~
      VITIS_LOOP_1247_1: 
D:\BaiduNetdiskDownload\GraduationDesign\lstm_hls\solution1\.autopilot\db\rnn_top.pp.0.cpp:4067:7: note: FIX-IT applied suggested code changes
D:\BaiduNetdiskDownload\GraduationDesign\lstm_hls\solution1\.autopilot\db\rnn_top.pp.0.cpp:7298:2: warning: Added loop label VITIS_LOOP_10_1:   [xilinx-label-all-loops]
 for (int i = 0; i < 20 * 5; i++)
 ^~~
 VITIS_LOOP_10_1: 
D:\BaiduNetdiskDownload\GraduationDesign\lstm_hls\solution1\.autopilot\db\rnn_top.pp.0.cpp:7298:2: note: FIX-IT applied suggested code changes
D:\BaiduNetdiskDownload\GraduationDesign\lstm_hls\solution1\.autopilot\db\rnn_top.pp.0.cpp:7310:2: warning: Added loop label VITIS_LOOP_22_2:   [xilinx-label-all-loops]
 for (int i = 0; i < 1; i++)
 ^~~
 VITIS_LOOP_22_2: 
D:\BaiduNetdiskDownload\GraduationDesign\lstm_hls\solution1\.autopilot\db\rnn_top.pp.0.cpp:7310:2: note: FIX-IT applied suggested code changes
